{
  "stats": {
    "suites": 2,
    "tests": 9,
    "passes": 8,
    "pending": 0,
    "failures": 1,
    "start": "2022-06-01T01:44:33.030Z",
    "end": "2022-06-01T01:45:44.424Z",
    "duration": 71394,
    "testsRegistered": 9,
    "passPercent": 88.88888888888889,
    "pendingPercent": 0,
    "other": 0,
    "hasOther": false,
    "skipped": 0,
    "hasSkipped": false
  },
  "results": [
    {
      "uuid": "a8ab1411-69f7-4ff1-9789-a51088f1b458",
      "title": "",
      "fullFile": "cypress/integration/portal.spec.js",
      "file": "cypress/integration/portal.spec.js",
      "beforeHooks": [],
      "afterHooks": [],
      "tests": [],
      "suites": [
        {
          "uuid": "952128b3-b188-4339-9f13-d17e4d5b54bf",
          "title": "Portal do Aluno",
          "fullFile": "",
          "file": "",
          "beforeHooks": [],
          "afterHooks": [],
          "tests": [
            {
              "title": "Histórico academico",
              "fullTitle": "Portal do Aluno Histórico academico",
              "timedOut": null,
              "duration": 6116,
              "state": "passed",
              "speed": "medium",
              "pass": true,
              "fail": false,
              "pending": false,
              "context": null,
              "code": "cy.get(_portal.PortalElements.telaPrincipal).contains(\"a\", \"Histórico\").click();\ncy.contains(\"th\", \"Sigla\").should(\"be.visible\");\ncy.contains(\"th\", \"Descrição da Disciplina\").should(\"be.visible\");\ncy.contains(\"th\", \"Nota\").should(\"be.visible\");\ncy.contains(\"th\", \"Ano/Semestre\").should(\"be.visible\");",
              "err": {},
              "uuid": "0a27de0e-b168-4b56-9752-2e225c4b5d6b",
              "parentUUID": "952128b3-b188-4339-9f13-d17e4d5b54bf",
              "isHook": false,
              "skipped": false
            },
            {
              "title": "Atividades complementares",
              "fullTitle": "Portal do Aluno Atividades complementares",
              "timedOut": null,
              "duration": 4538,
              "state": "passed",
              "speed": "fast",
              "pass": true,
              "fail": false,
              "pending": false,
              "context": null,
              "code": "cy.get(_portal.PortalElements.telaPrincipal).contains(\"a\", \"Atividades Complementares\").click();\ncy.contains(\"span\", \"Você não está matriculado em turmas que possuem atividades complementares !!!\").should(\"be.visible\");",
              "err": {},
              "uuid": "750f86e3-a285-4c13-a5da-4c23365af79d",
              "parentUUID": "952128b3-b188-4339-9f13-d17e4d5b54bf",
              "isHook": false,
              "skipped": false
            },
            {
              "title": "Pedidos (notas)",
              "fullTitle": "Portal do Aluno Pedidos (notas)",
              "timedOut": null,
              "duration": 4130,
              "state": "passed",
              "speed": "fast",
              "pass": true,
              "fail": false,
              "pending": false,
              "context": null,
              "code": "cy.get(_portal.PortalElements.telaPrincipal).contains(\"a\", \"Pedidos (Notas)\").click();\ncy.contains(\"span\", \"Não existem pedidos de notas a serem solicitados !!!\");",
              "err": {},
              "uuid": "32d2f940-062e-4488-bb54-ffa18c443b07",
              "parentUUID": "952128b3-b188-4339-9f13-d17e4d5b54bf",
              "isHook": false,
              "skipped": false
            },
            {
              "title": "Consulta de pedidos",
              "fullTitle": "Portal do Aluno Consulta de pedidos",
              "timedOut": null,
              "duration": 3944,
              "state": "passed",
              "speed": "fast",
              "pass": true,
              "fail": false,
              "pending": false,
              "context": null,
              "code": "cy.get(_portal.PortalElements.telaPrincipal).contains(\"a\", \"Consulta de Pedidos (Notas)\").click();\ncy.contains(\"span\", \"Não existem Pedidos referentes à Notas a serem consultados.\").should(\"be.visible\");",
              "err": {},
              "uuid": "93a680b9-e6c8-4e67-8534-e7acf23a1a53",
              "parentUUID": "952128b3-b188-4339-9f13-d17e4d5b54bf",
              "isHook": false,
              "skipped": false
            },
            {
              "title": "Requerimentos",
              "fullTitle": "Portal do Aluno Requerimentos",
              "timedOut": null,
              "duration": 5461,
              "state": "passed",
              "speed": "medium",
              "pass": true,
              "fail": false,
              "pending": false,
              "context": null,
              "code": "cy.get(_portal.PortalElements.telaPrincipal).contains(\"a\", \"Requerimentos\").click();\ncy.get(_portal.PortalElements.selectRequerimentos).select(\"Requerimento de Desistência de Disciplinas\");\ncy.get(_portal.PortalElements.inputDesistenciaDisciplina).should(\"be.visible\");\ncy.get(_portal.PortalElements.selectRequerimentos).select(\"Requerimento de Pedido de PVS\");\ncy.get(_portal.PortalElements.inputPedidoPvs).should(\"be.visible\");",
              "err": {},
              "uuid": "7808e867-fbe3-4afa-81f3-c342556f7f53",
              "parentUUID": "952128b3-b188-4339-9f13-d17e4d5b54bf",
              "isHook": false,
              "skipped": false
            },
            {
              "title": "Nota de estágio",
              "fullTitle": "Portal do Aluno Nota de estágio",
              "timedOut": null,
              "duration": 4347,
              "state": "passed",
              "speed": "fast",
              "pass": true,
              "fail": false,
              "pending": false,
              "context": null,
              "code": "cy.get(_portal.PortalElements.telaPrincipal).contains(\"a\", \"Nota de Estágio\").click();\ncy.contains(\"th\", \"Sigla\").should(\"be.visible\");\ncy.contains(\"th\", \"Descrição da Disciplina\").should(\"be.visible\");\ncy.contains(\"th\", \"Nota\").should(\"be.visible\");\ncy.contains(\"th\", \"Ano/Semestre\").should(\"be.visible\");\ncy.contains(\"td\", \"Estágio Supervisionado\").should(\"be.visible\");",
              "err": {},
              "uuid": "689be18f-5455-4ff6-9ef1-30065f8883dd",
              "parentUUID": "952128b3-b188-4339-9f13-d17e4d5b54bf",
              "isHook": false,
              "skipped": false
            },
            {
              "title": "Quadro de Pré/Co-Requisitos",
              "fullTitle": "Portal do Aluno Quadro de Pré/Co-Requisitos",
              "timedOut": null,
              "duration": 4806,
              "state": "passed",
              "speed": "fast",
              "pass": true,
              "fail": false,
              "pending": false,
              "context": null,
              "code": "cy.get(_portal.PortalElements.telaPrincipal).contains(\"a\", \"Quadro de Pré/Co-Requisitos\").click();\ncy.contains(\"td\", \"Total de Créditos Aprovados\").should(\"be.visible\");\ncy.contains(\"td\", \"Total de Créditos Matriculados\").should(\"be.visible\");\nfor (let i = 1; i <= 10; i++) {\n  cy.contains(\"b\", `P${i}`).should(\"be.visible\");\n}",
              "err": {},
              "uuid": "8792feb4-7ec4-4701-90b2-38ace9d01ce7",
              "parentUUID": "952128b3-b188-4339-9f13-d17e4d5b54bf",
              "isHook": false,
              "skipped": false
            },
            {
              "title": "Tesouraria",
              "fullTitle": "Portal do Aluno Tesouraria",
              "timedOut": null,
              "duration": 4835,
              "state": "passed",
              "speed": "fast",
              "pass": true,
              "fail": false,
              "pending": false,
              "context": null,
              "code": "const dados = _dadosBancarios.default.data();\ncy.get(_portal.PortalElements.telaPrincipal).contains(\"a\", \"Tesouraria\").click();\ncy.contains(\"span\", \"Dados Bancários para Pagamento\").should(\"be.visible\");\ncy.contains(\"span\", \"Débitos\").should(\"be.visible\");\ncy.contains(\"span\", \"Créditos e Devoluções\").should(\"be.visible\");\ncy.contains(\"td\", \"Agência:\").siblings(\"td\").should(\"contain.text\", dados.agencia);\ncy.contains(\"td\", \"Conta Corrente:\").siblings(\"td\").should(\"contain.text\", dados.conta);\ncy.contains(\"td\", \"Titular:\").siblings(\"td\").should(\"contain.text\", dados.titular);\ncy.contains(\"td\", \"Identificador Bancário:\").siblings(\"td\").should(\"contain.text\", dados.idBancario);\ncy.contains(\"td\", \"Chave Pix (CNPJ):\").siblings(\"td\").should(\"contain.text\", dados.pix);\ncy.contains(\"th\", \"Histórico\").should(\"be.visible\");\ncy.contains(\"th\", \"Vencimento\").should(\"be.visible\");\ncy.contains(\"th\", \"Valor\").should(\"be.visible\");\ncy.contains(\"th\", \"Multa\").should(\"be.visible\");\ncy.contains(\"th\", \"Correção\").should(\"be.visible\");\ncy.contains(\"th\", \"Juros\").should(\"be.visible\");\ncy.contains(\"th\", \"Total\").should(\"be.visible\");",
              "err": {},
              "uuid": "210588c2-b348-42a6-80c6-74ce5206fa00",
              "parentUUID": "952128b3-b188-4339-9f13-d17e4d5b54bf",
              "isHook": false,
              "skipped": false
            }
          ],
          "suites": [
            {
              "uuid": "c2b8e65b-b022-4e89-8c0e-471ca9c92e75",
              "title": "Cenário de erro",
              "fullFile": "",
              "file": "",
              "beforeHooks": [],
              "afterHooks": [],
              "tests": [
                {
                  "title": "Verificar se disciplina está presente em Pedidos de Prova Presencial e Notas",
                  "fullTitle": "Portal do Aluno Cenário de erro Verificar se disciplina está presente em Pedidos de Prova Presencial e Notas",
                  "timedOut": null,
                  "duration": 10944,
                  "state": "failed",
                  "speed": null,
                  "pass": false,
                  "fail": true,
                  "pending": false,
                  "context": null,
                  "code": "let disciplina;\ncy.get(_portal.PortalElements.telaPrincipal).contains(\"a\", \"Pedidos de Prova Presencial\").click();\ncy.get(\"#ctl00_Corpo_UCPedidosProvasPresencial1_tvwProvat1\").then($el => {\n  disciplina = $el.text();\n  cy.contains(\"a\", \"Home\").click();\n  cy.get(_portal.PortalElements.telaPrincipal).contains(\"a\", \"Notas\").click();\n  cy.contains(\"span\", new RegExp(disciplina, \"i\")).should(\"be.visible\");\n});",
                  "err": {
                    "message": "AssertionError: Timed out retrying after 4000ms: Expected to find content: '/H002/i' within the selector: 'span' but never did.",
                    "estack": "AssertionError: Timed out retrying after 4000ms: Expected to find content: '/H002/i' within the selector: 'span' but never did.\n    at Context.eval (https://siteseguro.inatel.br/__cypress/tests?p=cypress\\integration\\portal.spec.js:256:58)",
                    "diff": null
                  },
                  "uuid": "d6a3c986-c766-4c8e-863f-f71fd8ac68de",
                  "parentUUID": "c2b8e65b-b022-4e89-8c0e-471ca9c92e75",
                  "isHook": false,
                  "skipped": false
                }
              ],
              "suites": [],
              "passes": [],
              "failures": [
                "d6a3c986-c766-4c8e-863f-f71fd8ac68de"
              ],
              "pending": [],
              "skipped": [],
              "duration": 10944,
              "root": false,
              "rootEmpty": false,
              "_timeout": 2000
            }
          ],
          "passes": [
            "0a27de0e-b168-4b56-9752-2e225c4b5d6b",
            "750f86e3-a285-4c13-a5da-4c23365af79d",
            "32d2f940-062e-4488-bb54-ffa18c443b07",
            "93a680b9-e6c8-4e67-8534-e7acf23a1a53",
            "7808e867-fbe3-4afa-81f3-c342556f7f53",
            "689be18f-5455-4ff6-9ef1-30065f8883dd",
            "8792feb4-7ec4-4701-90b2-38ace9d01ce7",
            "210588c2-b348-42a6-80c6-74ce5206fa00"
          ],
          "failures": [],
          "pending": [],
          "skipped": [],
          "duration": 38177,
          "root": false,
          "rootEmpty": false,
          "_timeout": 2000
        }
      ],
      "passes": [],
      "failures": [],
      "pending": [],
      "skipped": [],
      "duration": 0,
      "root": true,
      "rootEmpty": true,
      "_timeout": 2000
    }
  ],
  "meta": {
    "mocha": {
      "version": "7.0.1"
    },
    "mochawesome": {
      "options": {
        "quiet": false,
        "reportFilename": "mochawesome",
        "saveHtml": false,
        "saveJson": true,
        "consoleReporter": "spec",
        "useInlineDiffs": false,
        "code": true
      },
      "version": "7.1.3"
    },
    "marge": {
      "options": {
        "reportDir": "cypress/results",
        "overwrite": false,
        "html": false,
        "json": true
      },
      "version": "6.2.0"
    }
  }
}