{
  "stats": {
    "suites": 1,
    "tests": 8,
    "passes": 8,
    "pending": 0,
    "failures": 0,
    "start": "2022-06-01T00:51:58.909Z",
    "end": "2022-06-01T00:52:37.856Z",
    "duration": 38947,
    "testsRegistered": 8,
    "passPercent": 100,
    "pendingPercent": 0,
    "other": 0,
    "hasOther": false,
    "skipped": 0,
    "hasSkipped": false
  },
  "results": [
    {
      "uuid": "31f9e7b4-369d-4c1e-8e1b-705dc818b53b",
      "title": "",
      "fullFile": "cypress/integration/portal.spec.js",
      "file": "cypress/integration/portal.spec.js",
      "beforeHooks": [],
      "afterHooks": [],
      "tests": [],
      "suites": [
        {
          "uuid": "28298425-43c7-4795-ba88-157c396be83e",
          "title": "Portal do Aluno",
          "fullFile": "",
          "file": "",
          "beforeHooks": [],
          "afterHooks": [],
          "tests": [
            {
              "title": "Histórico academico",
              "fullTitle": "Portal do Aluno Histórico academico",
              "timedOut": null,
              "duration": 6197,
              "state": "passed",
              "speed": "medium",
              "pass": true,
              "fail": false,
              "pending": false,
              "context": null,
              "code": "cy.get(_portal.PortalElements.telaPrincipal).contains(\"a\", \"Histórico\").click();\ncy.contains(\"th\", \"Sigla\").should(\"be.visible\");\ncy.contains(\"th\", \"Descrição da Disciplina\").should(\"be.visible\");\ncy.contains(\"th\", \"Nota\").should(\"be.visible\");\ncy.contains(\"th\", \"Ano/Semestre\").should(\"be.visible\");",
              "err": {},
              "uuid": "c71b304e-ac13-47d2-a49d-5c36f78aebf4",
              "parentUUID": "28298425-43c7-4795-ba88-157c396be83e",
              "isHook": false,
              "skipped": false
            },
            {
              "title": "Atividades complementares",
              "fullTitle": "Portal do Aluno Atividades complementares",
              "timedOut": null,
              "duration": 4394,
              "state": "passed",
              "speed": "fast",
              "pass": true,
              "fail": false,
              "pending": false,
              "context": null,
              "code": "cy.get(_portal.PortalElements.telaPrincipal).contains(\"a\", \"Atividades Complementares\").click();\ncy.contains(\"span\", \"Você não está matriculado em turmas que possuem atividades complementares !!!\").should(\"be.visible\");",
              "err": {},
              "uuid": "c98be944-a9c1-47d2-8e90-89c7945d8be9",
              "parentUUID": "28298425-43c7-4795-ba88-157c396be83e",
              "isHook": false,
              "skipped": false
            },
            {
              "title": "Pedidos (notas)",
              "fullTitle": "Portal do Aluno Pedidos (notas)",
              "timedOut": null,
              "duration": 3954,
              "state": "passed",
              "speed": "fast",
              "pass": true,
              "fail": false,
              "pending": false,
              "context": null,
              "code": "cy.get(_portal.PortalElements.telaPrincipal).contains(\"a\", \"Pedidos (Notas)\").click();\ncy.contains(\"span\", \"Não existem pedidos de notas a serem solicitados !!!\");",
              "err": {},
              "uuid": "6a605b42-20f4-4574-83e9-edc491971ebf",
              "parentUUID": "28298425-43c7-4795-ba88-157c396be83e",
              "isHook": false,
              "skipped": false
            },
            {
              "title": "Consulta de pedidos",
              "fullTitle": "Portal do Aluno Consulta de pedidos",
              "timedOut": null,
              "duration": 3993,
              "state": "passed",
              "speed": "fast",
              "pass": true,
              "fail": false,
              "pending": false,
              "context": null,
              "code": "cy.get(_portal.PortalElements.telaPrincipal).contains(\"a\", \"Consulta de Pedidos (Notas)\").click();\ncy.contains(\"span\", \"Não existem Pedidos referentes à Notas a serem consultados.\").should(\"be.visible\");",
              "err": {},
              "uuid": "e204a48a-6e65-455e-b450-b3e4c6dbf43e",
              "parentUUID": "28298425-43c7-4795-ba88-157c396be83e",
              "isHook": false,
              "skipped": false
            },
            {
              "title": "Requerimentos",
              "fullTitle": "Portal do Aluno Requerimentos",
              "timedOut": null,
              "duration": 5050,
              "state": "passed",
              "speed": "medium",
              "pass": true,
              "fail": false,
              "pending": false,
              "context": null,
              "code": "cy.get(_portal.PortalElements.telaPrincipal).contains(\"a\", \"Requerimentos\").click();\ncy.get(_portal.PortalElements.selectRequerimentos).select(\"Requerimento de Desistência de Disciplinas\");\ncy.get(_portal.PortalElements.inputDesistenciaDisciplina).should(\"be.visible\");\ncy.get(_portal.PortalElements.selectRequerimentos).select(\"Requerimento de Pedido de PVS\");\ncy.get(_portal.PortalElements.inputPedidoPvs).should(\"be.visible\");",
              "err": {},
              "uuid": "939a04c7-52a5-45a7-9ddf-191ac124bd05",
              "parentUUID": "28298425-43c7-4795-ba88-157c396be83e",
              "isHook": false,
              "skipped": false
            },
            {
              "title": "Nota de estágio",
              "fullTitle": "Portal do Aluno Nota de estágio",
              "timedOut": null,
              "duration": 3970,
              "state": "passed",
              "speed": "fast",
              "pass": true,
              "fail": false,
              "pending": false,
              "context": null,
              "code": "cy.get(_portal.PortalElements.telaPrincipal).contains(\"a\", \"Nota de Estágio\").click();\ncy.contains(\"th\", \"Sigla\").should(\"be.visible\");\ncy.contains(\"th\", \"Descrição da Disciplina\").should(\"be.visible\");\ncy.contains(\"th\", \"Nota\").should(\"be.visible\");\ncy.contains(\"th\", \"Ano/Semestre\").should(\"be.visible\");\ncy.contains(\"td\", \"Estágio Supervisionado\").should(\"be.visible\");",
              "err": {},
              "uuid": "ccc8bde6-972f-42f8-816f-155731fff5d9",
              "parentUUID": "28298425-43c7-4795-ba88-157c396be83e",
              "isHook": false,
              "skipped": false
            },
            {
              "title": "Quadro de Pré/Co-Requisitos",
              "fullTitle": "Portal do Aluno Quadro de Pré/Co-Requisitos",
              "timedOut": null,
              "duration": 4400,
              "state": "passed",
              "speed": "fast",
              "pass": true,
              "fail": false,
              "pending": false,
              "context": null,
              "code": "cy.get(_portal.PortalElements.telaPrincipal).contains(\"a\", \"Quadro de Pré/Co-Requisitos\").click();\ncy.contains(\"td\", \"Total de Créditos Aprovados\").should(\"be.visible\");\ncy.contains(\"td\", \"Total de Créditos Matriculados\").should(\"be.visible\");\nfor (let i = 1; i <= 10; i++) {\n  cy.contains(\"b\", `P${i}`).should(\"be.visible\");\n}",
              "err": {},
              "uuid": "a9a3deb7-f79a-45d5-ae8e-d277a563dbc9",
              "parentUUID": "28298425-43c7-4795-ba88-157c396be83e",
              "isHook": false,
              "skipped": false
            },
            {
              "title": "Tesouraria",
              "fullTitle": "Portal do Aluno Tesouraria",
              "timedOut": null,
              "duration": 4760,
              "state": "passed",
              "speed": "fast",
              "pass": true,
              "fail": false,
              "pending": false,
              "context": null,
              "code": "const dados = _dadosBancarios.default.data();\ncy.get(_portal.PortalElements.telaPrincipal).contains(\"a\", \"Tesouraria\").click();\ncy.contains(\"span\", \"Dados Bancários para Pagamento\").should(\"be.visible\");\ncy.contains(\"span\", \"Débitos\").should(\"be.visible\");\ncy.contains(\"span\", \"Créditos e Devoluções\").should(\"be.visible\");\ncy.contains(\"td\", \"Agência:\").siblings(\"td\").should(\"contain.text\", dados.agencia);\ncy.contains(\"td\", \"Conta Corrente:\").siblings(\"td\").should(\"contain.text\", dados.conta);\ncy.contains(\"td\", \"Titular:\").siblings(\"td\").should(\"contain.text\", dados.titular);\ncy.contains(\"td\", \"Identificador Bancário:\").siblings(\"td\").should(\"contain.text\", dados.idBancario);\ncy.contains(\"td\", \"Chave Pix (CNPJ):\").siblings(\"td\").should(\"contain.text\", dados.pix);\ncy.contains(\"th\", \"Histórico\").should(\"be.visible\");\ncy.contains(\"th\", \"Vencimento\").should(\"be.visible\");\ncy.contains(\"th\", \"Valor\").should(\"be.visible\");\ncy.contains(\"th\", \"Multa\").should(\"be.visible\");\ncy.contains(\"th\", \"Correção\").should(\"be.visible\");\ncy.contains(\"th\", \"Juros\").should(\"be.visible\");\ncy.contains(\"th\", \"Total\").should(\"be.visible\");",
              "err": {},
              "uuid": "481319e5-aab8-4e2b-8176-f909fba46ceb",
              "parentUUID": "28298425-43c7-4795-ba88-157c396be83e",
              "isHook": false,
              "skipped": false
            }
          ],
          "suites": [],
          "passes": [
            "c71b304e-ac13-47d2-a49d-5c36f78aebf4",
            "c98be944-a9c1-47d2-8e90-89c7945d8be9",
            "6a605b42-20f4-4574-83e9-edc491971ebf",
            "e204a48a-6e65-455e-b450-b3e4c6dbf43e",
            "939a04c7-52a5-45a7-9ddf-191ac124bd05",
            "ccc8bde6-972f-42f8-816f-155731fff5d9",
            "a9a3deb7-f79a-45d5-ae8e-d277a563dbc9",
            "481319e5-aab8-4e2b-8176-f909fba46ceb"
          ],
          "failures": [],
          "pending": [],
          "skipped": [],
          "duration": 36718,
          "root": false,
          "rootEmpty": false,
          "_timeout": 2000
        }
      ],
      "passes": [],
      "failures": [],
      "pending": [],
      "skipped": [],
      "duration": 0,
      "root": true,
      "rootEmpty": true,
      "_timeout": 2000
    }
  ],
  "meta": {
    "mocha": {
      "version": "7.0.1"
    },
    "mochawesome": {
      "options": {
        "quiet": false,
        "reportFilename": "mochawesome",
        "saveHtml": false,
        "saveJson": true,
        "consoleReporter": "spec",
        "useInlineDiffs": false,
        "code": true
      },
      "version": "7.1.3"
    },
    "marge": {
      "options": {
        "reportDir": "cypress/results",
        "overwrite": false,
        "html": false,
        "json": true
      },
      "version": "6.2.0"
    }
  }
}