{
  "stats": {
    "suites": 1,
    "tests": 8,
    "passes": 8,
    "pending": 0,
    "failures": 0,
    "start": "2022-10-13T23:45:29.938Z",
    "end": "2022-10-13T23:46:21.266Z",
    "duration": 51328,
    "testsRegistered": 8,
    "passPercent": 100,
    "pendingPercent": 0,
    "other": 0,
    "hasOther": false,
    "skipped": 0,
    "hasSkipped": false
  },
  "results": [
    {
      "uuid": "127aab16-f74e-411e-92d1-6ccf305d2c8b",
      "title": "",
      "fullFile": "cypress/integration/portal.spec.js",
      "file": "cypress/integration/portal.spec.js",
      "beforeHooks": [],
      "afterHooks": [],
      "tests": [],
      "suites": [
        {
          "uuid": "34961481-41be-4708-8ec3-7b763493667c",
          "title": "Portal do Aluno",
          "fullFile": "",
          "file": "",
          "beforeHooks": [],
          "afterHooks": [],
          "tests": [
            {
              "title": "Histórico academico",
              "fullTitle": "Portal do Aluno Histórico academico",
              "timedOut": null,
              "duration": 8833,
              "state": "passed",
              "speed": "medium",
              "pass": true,
              "fail": false,
              "pending": false,
              "context": null,
              "code": "cy.get(_portal.PortalElements.telaPrincipal).contains(\"a\", \"Histórico\").click();\ncy.contains(\"th\", \"Sigla\").should(\"be.visible\");\ncy.contains(\"th\", \"Descrição da Disciplina\").should(\"be.visible\");\ncy.contains(\"th\", \"Nota\").should(\"be.visible\");\ncy.contains(\"th\", \"Ano/Semestre\").should(\"be.visible\");",
              "err": {},
              "uuid": "25d37e7f-45bb-4fdd-9c70-87a6962f0d32",
              "parentUUID": "34961481-41be-4708-8ec3-7b763493667c",
              "isHook": false,
              "skipped": false
            },
            {
              "title": "Atividades complementares",
              "fullTitle": "Portal do Aluno Atividades complementares",
              "timedOut": null,
              "duration": 5513,
              "state": "passed",
              "speed": "medium",
              "pass": true,
              "fail": false,
              "pending": false,
              "context": null,
              "code": "cy.get(_portal.PortalElements.telaPrincipal).contains(\"a\", \"Atividades Complementares\").click();\ncy.contains(\"span\", \"Você não está matriculado em turmas que possuem atividades complementares !!!\").should(\"be.visible\");",
              "err": {},
              "uuid": "016e41de-43ba-4154-a66e-5e7b2a266120",
              "parentUUID": "34961481-41be-4708-8ec3-7b763493667c",
              "isHook": false,
              "skipped": false
            },
            {
              "title": "Pedidos (notas)",
              "fullTitle": "Portal do Aluno Pedidos (notas)",
              "timedOut": null,
              "duration": 5050,
              "state": "passed",
              "speed": "medium",
              "pass": true,
              "fail": false,
              "pending": false,
              "context": null,
              "code": "cy.get(_portal.PortalElements.telaPrincipal).contains(\"a\", \"Pedidos (Notas)\").click();\ncy.contains(\"span\", \"Não existem pedidos de notas a serem solicitados !!!\").should(\"be.visible\");",
              "err": {},
              "uuid": "50fa9b6c-97f2-4cb9-92c8-e1bbe661247a",
              "parentUUID": "34961481-41be-4708-8ec3-7b763493667c",
              "isHook": false,
              "skipped": false
            },
            {
              "title": "Consulta de pedidos",
              "fullTitle": "Portal do Aluno Consulta de pedidos",
              "timedOut": null,
              "duration": 4782,
              "state": "passed",
              "speed": "fast",
              "pass": true,
              "fail": false,
              "pending": false,
              "context": null,
              "code": "cy.get(_portal.PortalElements.telaPrincipal).contains(\"a\", \"Consulta de Pedidos (Notas)\").click();\ncy.contains(\"span\", \"Não existem Pedidos referentes à Notas a serem consultados.\").should(\"be.visible\");",
              "err": {},
              "uuid": "749a68da-2b29-45d7-a1a0-beb3a62b10a9",
              "parentUUID": "34961481-41be-4708-8ec3-7b763493667c",
              "isHook": false,
              "skipped": false
            },
            {
              "title": "Requerimentos",
              "fullTitle": "Portal do Aluno Requerimentos",
              "timedOut": null,
              "duration": 6990,
              "state": "passed",
              "speed": "medium",
              "pass": true,
              "fail": false,
              "pending": false,
              "context": null,
              "code": "cy.get(_portal.PortalElements.telaPrincipal).contains(\"a\", \"Requerimentos\").click();\ncy.get(_portal.PortalElements.selectRequerimentos).select(\"Requerimento de Desistência de Disciplinas\");\ncy.get(_portal.PortalElements.inputDesistenciaDisciplina).should(\"be.visible\");\ncy.get(_portal.PortalElements.selectRequerimentos).select(\"Requerimento de Pedido de PVS\");\ncy.get(_portal.PortalElements.inputPedidoPvs).should(\"be.visible\");",
              "err": {},
              "uuid": "503c4215-ed7d-44db-b211-cea1e745d49f",
              "parentUUID": "34961481-41be-4708-8ec3-7b763493667c",
              "isHook": false,
              "skipped": false
            },
            {
              "title": "Nota de estágio",
              "fullTitle": "Portal do Aluno Nota de estágio",
              "timedOut": null,
              "duration": 4959,
              "state": "passed",
              "speed": "fast",
              "pass": true,
              "fail": false,
              "pending": false,
              "context": null,
              "code": "cy.get(_portal.PortalElements.telaPrincipal).contains(\"a\", \"Nota de Estágio\").click();\ncy.contains(\"th\", \"Sigla\").should(\"be.visible\");\ncy.contains(\"th\", \"Descrição da Disciplina\").should(\"be.visible\");\ncy.contains(\"th\", \"Nota\").should(\"be.visible\");\ncy.contains(\"th\", \"Ano/Semestre\").should(\"be.visible\");\ncy.contains(\"td\", \"Estágio Supervisionado\").should(\"be.visible\");",
              "err": {},
              "uuid": "5b6ec671-f146-4cf4-a9a0-aad62a1d2e55",
              "parentUUID": "34961481-41be-4708-8ec3-7b763493667c",
              "isHook": false,
              "skipped": false
            },
            {
              "title": "Quadro de Pré/Co-Requisitos",
              "fullTitle": "Portal do Aluno Quadro de Pré/Co-Requisitos",
              "timedOut": null,
              "duration": 5823,
              "state": "passed",
              "speed": "medium",
              "pass": true,
              "fail": false,
              "pending": false,
              "context": null,
              "code": "cy.get(_portal.PortalElements.telaPrincipal).contains(\"a\", \"Quadro de Pré/Co-Requisitos\").click();\ncy.contains(\"td\", \"Total de Créditos Aprovados\").should(\"be.visible\");\ncy.contains(\"td\", \"Total de Créditos Matriculados\").should(\"be.visible\");\nfor (let i = 1; i <= 10; i++) {\n  cy.contains(\"b\", `P${i}`).should(\"be.visible\");\n}",
              "err": {},
              "uuid": "918a763f-bfca-41ab-b6e6-7644b7e92064",
              "parentUUID": "34961481-41be-4708-8ec3-7b763493667c",
              "isHook": false,
              "skipped": false
            },
            {
              "title": "Tesouraria",
              "fullTitle": "Portal do Aluno Tesouraria",
              "timedOut": null,
              "duration": 5753,
              "state": "passed",
              "speed": "medium",
              "pass": true,
              "fail": false,
              "pending": false,
              "context": null,
              "code": "const dados = _dadosBancarios.default.data();\ncy.get(_portal.PortalElements.telaPrincipal).contains(\"a\", \"Tesouraria\").click();\ncy.contains(\"span\", \"Dados Bancários para Pagamento\").should(\"be.visible\");\ncy.contains(\"span\", \"Débitos\").should(\"be.visible\");\ncy.contains(\"span\", \"Créditos e Devoluções\").should(\"be.visible\");\ncy.contains(\"td\", \"Agência:\").siblings(\"td\").should(\"contain.text\", dados.agencia);\ncy.contains(\"td\", \"Conta Corrente:\").siblings(\"td\").should(\"contain.text\", dados.conta);\ncy.contains(\"td\", \"Titular:\").siblings(\"td\").should(\"contain.text\", dados.titular);\ncy.contains(\"td\", \"Identificador Bancário:\").siblings(\"td\").should(\"contain.text\", dados.idBancario);\ncy.contains(\"td\", \"Chave Pix (CNPJ):\").siblings(\"td\").should(\"contain.text\", dados.pix);\ncy.contains(\"th\", \"Histórico\").should(\"be.visible\");\ncy.contains(\"th\", \"Vencimento\").should(\"be.visible\");\ncy.contains(\"th\", \"Valor\").should(\"be.visible\");\ncy.contains(\"th\", \"Multa\").should(\"be.visible\");\ncy.contains(\"th\", \"Correção\").should(\"be.visible\");\ncy.contains(\"th\", \"Juros\").should(\"be.visible\");\ncy.contains(\"th\", \"Total\").should(\"be.visible\");",
              "err": {},
              "uuid": "407e4956-81ea-48ec-adfe-26264fbe6543",
              "parentUUID": "34961481-41be-4708-8ec3-7b763493667c",
              "isHook": false,
              "skipped": false
            }
          ],
          "suites": [],
          "passes": [
            "25d37e7f-45bb-4fdd-9c70-87a6962f0d32",
            "016e41de-43ba-4154-a66e-5e7b2a266120",
            "50fa9b6c-97f2-4cb9-92c8-e1bbe661247a",
            "749a68da-2b29-45d7-a1a0-beb3a62b10a9",
            "503c4215-ed7d-44db-b211-cea1e745d49f",
            "5b6ec671-f146-4cf4-a9a0-aad62a1d2e55",
            "918a763f-bfca-41ab-b6e6-7644b7e92064",
            "407e4956-81ea-48ec-adfe-26264fbe6543"
          ],
          "failures": [],
          "pending": [],
          "skipped": [],
          "duration": 47703,
          "root": false,
          "rootEmpty": false,
          "_timeout": 2000
        }
      ],
      "passes": [],
      "failures": [],
      "pending": [],
      "skipped": [],
      "duration": 0,
      "root": true,
      "rootEmpty": true,
      "_timeout": 2000
    }
  ],
  "meta": {
    "mocha": {
      "version": "7.0.1"
    },
    "mochawesome": {
      "options": {
        "quiet": false,
        "reportFilename": "mochawesome",
        "saveHtml": true,
        "saveJson": true,
        "consoleReporter": "spec",
        "useInlineDiffs": false,
        "code": true
      },
      "version": "7.1.3"
    },
    "marge": {
      "options": null,
      "version": "6.2.0"
    }
  }
}